2018-01-13 20:24:25,486 INFO [DefaultRatpackServer] main - Starting server...
2018-01-13 20:24:25,707 INFO [DefaultRatpackServer] main - Building registry...
2018-01-13 20:24:25,948 INFO [DefaultRatpackServer] main - Ratpack started for http://localhost:5000
2018-01-13 20:24:35,395 WARN [DefaultProductionErrorHandler] ratpack-compute-1-2 - Default production error handler used to render client error, please add a ratpack.error.ClientErrorHandler instance to your application (method: GET, uri: /)
2018-01-13 20:24:41,175 WARN [DefaultProductionErrorHandler] ratpack-compute-1-2 - Default production error handler used to render client error, please add a ratpack.error.ClientErrorHandler instance to your application (method: GET, uri: /new)
2018-01-13 20:24:57,114 WARN [DefaultProductionErrorHandler] ratpack-compute-1-2 - Default production error handler used to render server error, please add a ratpack.error.ServerErrorHandler instance to your application (method: GET, uri: /88)

java.util.NoSuchElementException: No game with id 88 found.
	at com.webnobis.mastermind.service.handler.AbstractFindHandler.lambda$0(AbstractFindHandler.java:26)
	at java.util.Optional.orElseThrow(Optional.java:290)
	at com.webnobis.mastermind.service.handler.AbstractFindHandler.handle(AbstractFindHandler.java:26)
	at ratpack.handling.internal.DefaultContext.next(DefaultContext.java:157)
	at ratpack.handling.internal.MethodHandler.handle(MethodHandler.java:44)
	at ratpack.handling.internal.DefaultContext.next(DefaultContext.java:157)
	at ratpack.handling.internal.DefaultContext.insert(DefaultContext.java:179)
	at ratpack.path.internal.PathHandler.handle(PathHandler.java:61)
	at ratpack.handling.internal.DefaultContext.next(DefaultContext.java:157)
	at ratpack.path.internal.PathHandler.handle(PathHandler.java:63)
	at ratpack.handling.internal.DefaultContext.next(DefaultContext.java:157)
	at ratpack.path.internal.PathHandler.handle(PathHandler.java:63)
	at ratpack.handling.internal.DefaultContext.next(DefaultContext.java:157)
	at ratpack.handling.internal.DefaultContext.lambda$start$4(DefaultContext.java:104)
	at ratpack.exec.internal.DefaultExecution.lambda$new$0(DefaultExecution.java:79)
	at ratpack.exec.internal.DefaultExecution$InitialExecStream.exec(DefaultExecution.java:361)
	at ratpack.exec.internal.DefaultExecution.exec(DefaultExecution.java:196)
	at ratpack.exec.internal.DefaultExecution.intercept(DefaultExecution.java:189)
	at ratpack.exec.internal.DefaultExecution.drain(DefaultExecution.java:169)
	at ratpack.exec.internal.DefaultExecution.<init>(DefaultExecution.java:93)
	at ratpack.exec.internal.DefaultExecController$1.start(DefaultExecController.java:189)
	at ratpack.handling.internal.DefaultContext.start(DefaultContext.java:101)
	at ratpack.server.internal.NettyHandlerAdapter.newRequest(NettyHandlerAdapter.java:180)
	at ratpack.server.internal.NettyHandlerAdapter.channelRead(NettyHandlerAdapter.java:90)
	at io.netty.channel.AbstractChannelHandlerContext.invokeChannelRead(AbstractChannelHandlerContext.java:362)
	at io.netty.channel.AbstractChannelHandlerContext.invokeChannelRead(AbstractChannelHandlerContext.java:348)
	at io.netty.channel.AbstractChannelHandlerContext.fireChannelRead(AbstractChannelHandlerContext.java:340)
	at io.netty.channel.ChannelInboundHandlerAdapter.channelRead(ChannelInboundHandlerAdapter.java:86)
	at io.netty.channel.AbstractChannelHandlerContext.invokeChannelRead(AbstractChannelHandlerContext.java:362)
	at io.netty.channel.AbstractChannelHandlerContext.invokeChannelRead(AbstractChannelHandlerContext.java:348)
	at io.netty.channel.AbstractChannelHandlerContext.fireChannelRead(AbstractChannelHandlerContext.java:340)
	at io.netty.handler.codec.MessageToMessageDecoder.channelRead(MessageToMessageDecoder.java:102)
	at io.netty.handler.codec.MessageToMessageCodec.channelRead(MessageToMessageCodec.java:111)
	at io.netty.channel.AbstractChannelHandlerContext.invokeChannelRead(AbstractChannelHandlerContext.java:362)
	at io.netty.channel.AbstractChannelHandlerContext.invokeChannelRead(AbstractChannelHandlerContext.java:348)
	at io.netty.channel.AbstractChannelHandlerContext.fireChannelRead(AbstractChannelHandlerContext.java:340)
	at io.netty.handler.codec.ByteToMessageDecoder.fireChannelRead(ByteToMessageDecoder.java:293)
	at io.netty.handler.codec.ByteToMessageDecoder.channelRead(ByteToMessageDecoder.java:267)
	at io.netty.channel.AbstractChannelHandlerContext.invokeChannelRead(AbstractChannelHandlerContext.java:362)
	at io.netty.channel.AbstractChannelHandlerContext.invokeChannelRead(AbstractChannelHandlerContext.java:348)
	at io.netty.channel.AbstractChannelHandlerContext.fireChannelRead(AbstractChannelHandlerContext.java:340)
	at io.netty.channel.DefaultChannelPipeline$HeadContext.channelRead(DefaultChannelPipeline.java:1334)
	at io.netty.channel.AbstractChannelHandlerContext.invokeChannelRead(AbstractChannelHandlerContext.java:362)
	at io.netty.channel.AbstractChannelHandlerContext.invokeChannelRead(AbstractChannelHandlerContext.java:348)
	at io.netty.channel.DefaultChannelPipeline.fireChannelRead(DefaultChannelPipeline.java:926)
	at io.netty.channel.epoll.AbstractEpollStreamChannel$EpollStreamUnsafe.epollInReady(AbstractEpollStreamChannel.java:1017)
	at io.netty.channel.epoll.EpollEventLoop.processReady(EpollEventLoop.java:394)
	at io.netty.channel.epoll.EpollEventLoop.run(EpollEventLoop.java:299)
	at io.netty.util.concurrent.SingleThreadEventExecutor$5.run(SingleThreadEventExecutor.java:858)
	at ratpack.exec.internal.DefaultExecController$ExecControllerBindingThreadFactory.lambda$newThread$0(DefaultExecController.java:136)
	at io.netty.util.concurrent.DefaultThreadFactory$DefaultRunnableDecorator.run(DefaultThreadFactory.java:144)
	at java.lang.Thread.run(Thread.java:745)
2018-01-13 20:25:18,972 WARN [DefaultProductionErrorHandler] ratpack-compute-1-2 - Default production error handler used to render client error, please add a ratpack.error.ClientErrorHandler instance to your application (method: GET, uri: /new)
2018-01-13 20:26:23,022 WARN [DefaultProductionErrorHandler] ratpack-compute-1-2 - Default production error handler used to render server error, please add a ratpack.error.ServerErrorHandler instance to your application (method: GET, uri: /88)

java.util.NoSuchElementException: No game with id 88 found.
	at com.webnobis.mastermind.service.handler.AbstractFindHandler.lambda$0(AbstractFindHandler.java:26)
	at java.util.Optional.orElseThrow(Optional.java:290)
	at com.webnobis.mastermind.service.handler.AbstractFindHandler.handle(AbstractFindHandler.java:26)
	at ratpack.handling.internal.DefaultContext.next(DefaultContext.java:157)
	at ratpack.handling.internal.MethodHandler.handle(MethodHandler.java:44)
	at ratpack.handling.internal.DefaultContext.next(DefaultContext.java:157)
	at ratpack.handling.internal.DefaultContext.insert(DefaultContext.java:179)
	at ratpack.path.internal.PathHandler.handle(PathHandler.java:61)
	at ratpack.handling.internal.DefaultContext.next(DefaultContext.java:157)
	at ratpack.path.internal.PathHandler.handle(PathHandler.java:63)
	at ratpack.handling.internal.DefaultContext.next(DefaultContext.java:157)
	at ratpack.path.internal.PathHandler.handle(PathHandler.java:63)
	at ratpack.handling.internal.DefaultContext.next(DefaultContext.java:157)
	at ratpack.handling.internal.DefaultContext.lambda$start$4(DefaultContext.java:104)
	at ratpack.exec.internal.DefaultExecution.lambda$new$0(DefaultExecution.java:79)
	at ratpack.exec.internal.DefaultExecution$InitialExecStream.exec(DefaultExecution.java:361)
	at ratpack.exec.internal.DefaultExecution.exec(DefaultExecution.java:196)
	at ratpack.exec.internal.DefaultExecution.intercept(DefaultExecution.java:189)
	at ratpack.exec.internal.DefaultExecution.drain(DefaultExecution.java:169)
	at ratpack.exec.internal.DefaultExecution.<init>(DefaultExecution.java:93)
	at ratpack.exec.internal.DefaultExecController$1.start(DefaultExecController.java:189)
	at ratpack.handling.internal.DefaultContext.start(DefaultContext.java:101)
	at ratpack.server.internal.NettyHandlerAdapter.newRequest(NettyHandlerAdapter.java:180)
	at ratpack.server.internal.NettyHandlerAdapter.channelRead(NettyHandlerAdapter.java:90)
	at io.netty.channel.AbstractChannelHandlerContext.invokeChannelRead(AbstractChannelHandlerContext.java:362)
	at io.netty.channel.AbstractChannelHandlerContext.invokeChannelRead(AbstractChannelHandlerContext.java:348)
	at io.netty.channel.AbstractChannelHandlerContext.fireChannelRead(AbstractChannelHandlerContext.java:340)
	at io.netty.channel.ChannelInboundHandlerAdapter.channelRead(ChannelInboundHandlerAdapter.java:86)
	at io.netty.channel.AbstractChannelHandlerContext.invokeChannelRead(AbstractChannelHandlerContext.java:362)
	at io.netty.channel.AbstractChannelHandlerContext.invokeChannelRead(AbstractChannelHandlerContext.java:348)
	at io.netty.channel.AbstractChannelHandlerContext.fireChannelRead(AbstractChannelHandlerContext.java:340)
	at io.netty.handler.codec.MessageToMessageDecoder.channelRead(MessageToMessageDecoder.java:102)
	at io.netty.handler.codec.MessageToMessageCodec.channelRead(MessageToMessageCodec.java:111)
	at io.netty.channel.AbstractChannelHandlerContext.invokeChannelRead(AbstractChannelHandlerContext.java:362)
	at io.netty.channel.AbstractChannelHandlerContext.invokeChannelRead(AbstractChannelHandlerContext.java:348)
	at io.netty.channel.AbstractChannelHandlerContext.fireChannelRead(AbstractChannelHandlerContext.java:340)
	at io.netty.handler.codec.ByteToMessageDecoder.fireChannelRead(ByteToMessageDecoder.java:293)
	at io.netty.handler.codec.ByteToMessageDecoder.channelRead(ByteToMessageDecoder.java:267)
	at io.netty.channel.AbstractChannelHandlerContext.invokeChannelRead(AbstractChannelHandlerContext.java:362)
	at io.netty.channel.AbstractChannelHandlerContext.invokeChannelRead(AbstractChannelHandlerContext.java:348)
	at io.netty.channel.AbstractChannelHandlerContext.fireChannelRead(AbstractChannelHandlerContext.java:340)
	at io.netty.channel.DefaultChannelPipeline$HeadContext.channelRead(DefaultChannelPipeline.java:1334)
	at io.netty.channel.AbstractChannelHandlerContext.invokeChannelRead(AbstractChannelHandlerContext.java:362)
	at io.netty.channel.AbstractChannelHandlerContext.invokeChannelRead(AbstractChannelHandlerContext.java:348)
	at io.netty.channel.DefaultChannelPipeline.fireChannelRead(DefaultChannelPipeline.java:926)
	at io.netty.channel.epoll.AbstractEpollStreamChannel$EpollStreamUnsafe.epollInReady(AbstractEpollStreamChannel.java:1017)
	at io.netty.channel.epoll.EpollEventLoop.processReady(EpollEventLoop.java:394)
	at io.netty.channel.epoll.EpollEventLoop.run(EpollEventLoop.java:299)
	at io.netty.util.concurrent.SingleThreadEventExecutor$5.run(SingleThreadEventExecutor.java:858)
	at ratpack.exec.internal.DefaultExecController$ExecControllerBindingThreadFactory.lambda$newThread$0(DefaultExecController.java:136)
	at io.netty.util.concurrent.DefaultThreadFactory$DefaultRunnableDecorator.run(DefaultThreadFactory.java:144)
	at java.lang.Thread.run(Thread.java:745)
2018-01-13 20:26:55,633 WARN [DefaultProductionErrorHandler] ratpack-compute-1-2 - Default production error handler used to render server error, please add a ratpack.error.ServerErrorHandler instance to your application (method: GET, uri: /88)

java.util.NoSuchElementException: No game with id 88 found.
	at com.webnobis.mastermind.service.handler.AbstractFindHandler.lambda$0(AbstractFindHandler.java:26)
	at java.util.Optional.orElseThrow(Optional.java:290)
	at com.webnobis.mastermind.service.handler.AbstractFindHandler.handle(AbstractFindHandler.java:26)
	at ratpack.handling.internal.DefaultContext.next(DefaultContext.java:157)
	at ratpack.handling.internal.MethodHandler.handle(MethodHandler.java:44)
	at ratpack.handling.internal.DefaultContext.next(DefaultContext.java:157)
	at ratpack.handling.internal.DefaultContext.insert(DefaultContext.java:179)
	at ratpack.path.internal.PathHandler.handle(PathHandler.java:61)
	at ratpack.handling.internal.DefaultContext.next(DefaultContext.java:157)
	at ratpack.path.internal.PathHandler.handle(PathHandler.java:63)
	at ratpack.handling.internal.DefaultContext.next(DefaultContext.java:157)
	at ratpack.path.internal.PathHandler.handle(PathHandler.java:63)
	at ratpack.handling.internal.DefaultContext.next(DefaultContext.java:157)
	at ratpack.handling.internal.DefaultContext.lambda$start$4(DefaultContext.java:104)
	at ratpack.exec.internal.DefaultExecution.lambda$new$0(DefaultExecution.java:79)
	at ratpack.exec.internal.DefaultExecution$InitialExecStream.exec(DefaultExecution.java:361)
	at ratpack.exec.internal.DefaultExecution.exec(DefaultExecution.java:196)
	at ratpack.exec.internal.DefaultExecution.intercept(DefaultExecution.java:189)
	at ratpack.exec.internal.DefaultExecution.drain(DefaultExecution.java:169)
	at ratpack.exec.internal.DefaultExecution.<init>(DefaultExecution.java:93)
	at ratpack.exec.internal.DefaultExecController$1.start(DefaultExecController.java:189)
	at ratpack.handling.internal.DefaultContext.start(DefaultContext.java:101)
	at ratpack.server.internal.NettyHandlerAdapter.newRequest(NettyHandlerAdapter.java:180)
	at ratpack.server.internal.NettyHandlerAdapter.channelRead(NettyHandlerAdapter.java:90)
	at io.netty.channel.AbstractChannelHandlerContext.invokeChannelRead(AbstractChannelHandlerContext.java:362)
	at io.netty.channel.AbstractChannelHandlerContext.invokeChannelRead(AbstractChannelHandlerContext.java:348)
	at io.netty.channel.AbstractChannelHandlerContext.fireChannelRead(AbstractChannelHandlerContext.java:340)
	at io.netty.channel.ChannelInboundHandlerAdapter.channelRead(ChannelInboundHandlerAdapter.java:86)
	at io.netty.channel.AbstractChannelHandlerContext.invokeChannelRead(AbstractChannelHandlerContext.java:362)
	at io.netty.channel.AbstractChannelHandlerContext.invokeChannelRead(AbstractChannelHandlerContext.java:348)
	at io.netty.channel.AbstractChannelHandlerContext.fireChannelRead(AbstractChannelHandlerContext.java:340)
	at io.netty.handler.codec.MessageToMessageDecoder.channelRead(MessageToMessageDecoder.java:102)
	at io.netty.handler.codec.MessageToMessageCodec.channelRead(MessageToMessageCodec.java:111)
	at io.netty.channel.AbstractChannelHandlerContext.invokeChannelRead(AbstractChannelHandlerContext.java:362)
	at io.netty.channel.AbstractChannelHandlerContext.invokeChannelRead(AbstractChannelHandlerContext.java:348)
	at io.netty.channel.AbstractChannelHandlerContext.fireChannelRead(AbstractChannelHandlerContext.java:340)
	at io.netty.handler.codec.ByteToMessageDecoder.fireChannelRead(ByteToMessageDecoder.java:293)
	at io.netty.handler.codec.ByteToMessageDecoder.channelRead(ByteToMessageDecoder.java:267)
	at io.netty.channel.AbstractChannelHandlerContext.invokeChannelRead(AbstractChannelHandlerContext.java:362)
	at io.netty.channel.AbstractChannelHandlerContext.invokeChannelRead(AbstractChannelHandlerContext.java:348)
	at io.netty.channel.AbstractChannelHandlerContext.fireChannelRead(AbstractChannelHandlerContext.java:340)
	at io.netty.channel.DefaultChannelPipeline$HeadContext.channelRead(DefaultChannelPipeline.java:1334)
	at io.netty.channel.AbstractChannelHandlerContext.invokeChannelRead(AbstractChannelHandlerContext.java:362)
	at io.netty.channel.AbstractChannelHandlerContext.invokeChannelRead(AbstractChannelHandlerContext.java:348)
	at io.netty.channel.DefaultChannelPipeline.fireChannelRead(DefaultChannelPipeline.java:926)
	at io.netty.channel.epoll.AbstractEpollStreamChannel$EpollStreamUnsafe.epollInReady(AbstractEpollStreamChannel.java:1017)
	at io.netty.channel.epoll.EpollEventLoop.processReady(EpollEventLoop.java:394)
	at io.netty.channel.epoll.EpollEventLoop.run(EpollEventLoop.java:299)
	at io.netty.util.concurrent.SingleThreadEventExecutor$5.run(SingleThreadEventExecutor.java:858)
	at ratpack.exec.internal.DefaultExecController$ExecControllerBindingThreadFactory.lambda$newThread$0(DefaultExecController.java:136)
	at io.netty.util.concurrent.DefaultThreadFactory$DefaultRunnableDecorator.run(DefaultThreadFactory.java:144)
	at java.lang.Thread.run(Thread.java:745)
2018-01-13 20:27:42,509 INFO [DefaultRatpackServer] ratpack-shutdown-thread - Stopping server...
2018-01-13 20:27:42,512 INFO [DefaultRatpackServer] ratpack-shutdown-thread - Server stopped.
2018-01-13 20:44:53,988 INFO [DefaultRatpackServer] main - Starting server...
2018-01-13 20:44:54,202 INFO [DefaultRatpackServer] main - Building registry...
2018-01-13 20:44:54,426 INFO [DefaultRatpackServer] main - Ratpack started for http://localhost:5000
2018-01-13 20:45:37,974 WARN [DefaultProductionErrorHandler] ratpack-compute-1-2 - Default production error handler used to render client error, please add a ratpack.error.ClientErrorHandler instance to your application (method: GET, uri: /66/ggg)
2018-01-13 20:46:14,581 WARN [DefaultProductionErrorHandler] ratpack-compute-1-2 - Default production error handler used to render client error, please add a ratpack.error.ClientErrorHandler instance to your application (method: GET, uri: /66/try)
2018-01-13 20:46:48,844 INFO [DefaultRatpackServer] ratpack-shutdown-thread - Stopping server...
2018-01-13 20:46:48,853 INFO [DefaultRatpackServer] ratpack-shutdown-thread - Server stopped.
